<?xml version="1.0" encoding="UTF-8"?>
<coverage generated="1699929954874" clover="3.2.0">
  <project timestamp="1699929954875" name="All files">
    <metrics statements="34" coveredstatements="19" conditionals="4" coveredconditionals="2" methods="15" coveredmethods="7" elements="53" coveredelements="28" complexity="0" loc="34" ncloc="34" packages="2" files="5" classes="5"/>
    <package name="src">
      <metrics statements="10" coveredstatements="3" conditionals="0" coveredconditionals="0" methods="5" coveredmethods="1"/>
      <file name="App.jsx" path="/Users/nadellanikhila/Desktop/Trip_Easy 2/src/App.jsx">
        <metrics statements="4" coveredstatements="3" conditionals="0" coveredconditionals="0" methods="2" coveredmethods="1"/>
        <line num="16" count="1" type="stmt"/>
        <line num="17" count="1" type="stmt"/>
        <line num="18" count="0" type="stmt"/>
        <line num="20" count="1" type="stmt"/>
      </file>
      <file name="Search.jsx" path="/Users/nadellanikhila/Desktop/Trip_Easy 2/src/Search.jsx">
        <metrics statements="4" coveredstatements="0" conditionals="0" coveredconditionals="0" methods="2" coveredmethods="0"/>
        <line num="10" count="0" type="stmt"/>
        <line num="11" count="0" type="stmt"/>
        <line num="13" count="0" type="stmt"/>
        <line num="14" count="0" type="stmt"/>
      </file>
      <file name="SearchApp.jsx" path="/Users/nadellanikhila/Desktop/Trip_Easy 2/src/SearchApp.jsx">
        <metrics statements="2" coveredstatements="0" conditionals="0" coveredconditionals="0" methods="1" coveredmethods="0"/>
        <line num="15" count="0" type="stmt"/>
        <line num="16" count="0" type="stmt"/>
      </file>
    </package>
    <package name="src.Components">
      <metrics statements="24" coveredstatements="16" conditionals="4" coveredconditionals="2" methods="10" coveredmethods="6"/>
      <file name="Login.jsx" path="/Users/nadellanikhila/Desktop/Trip_Easy 2/src/Components/Login.jsx">
        <metrics statements="12" coveredstatements="8" conditionals="2" coveredconditionals="1" methods="5" coveredmethods="3"/>
        <line num="8" count="3" type="stmt"/>
        <line num="9" count="3" type="stmt"/>
        <line num="10" count="3" type="stmt"/>
        <line num="11" count="3" type="stmt"/>
        <line num="13" count="3" type="stmt"/>
        <line num="14" count="0" type="stmt"/>
        <line num="15" count="0" type="stmt"/>
        <line num="16" count="0" type="stmt"/>
        <line num="19" count="3" type="stmt"/>
        <line num="27" count="1" type="stmt"/>
        <line num="34" count="1" type="stmt"/>
        <line num="46" count="0" type="stmt"/>
      </file>
      <file name="Register.jsx" path="/Users/nadellanikhila/Desktop/Trip_Easy 2/src/Components/Register.jsx">
        <metrics statements="12" coveredstatements="8" conditionals="2" coveredconditionals="1" methods="5" coveredmethods="3"/>
        <line num="8" count="3" type="stmt"/>
        <line num="9" count="3" type="stmt"/>
        <line num="10" count="3" type="stmt"/>
        <line num="11" count="3" type="stmt"/>
        <line num="13" count="3" type="stmt"/>
        <line num="14" count="0" type="stmt"/>
        <line num="15" count="0" type="stmt"/>
        <line num="16" count="0" type="stmt"/>
        <line num="19" count="3" type="stmt"/>
        <line num="27" count="1" type="stmt"/>
        <line num="34" count="1" type="stmt"/>
        <line num="45" count="0" type="stmt"/>
      </file>
    </package>
  </project>
</coverage>
