{"/Users/nadellanikhila/Desktop/Trip_Easy 2/src/App.jsx": {"path":"/Users/nadellanikhila/Desktop/Trip_Easy 2/src/App.jsx","statementMap":{"0":{"start":{"line":16,"column":40},"end":{"line":16,"column":51}},"1":{"start":{"line":17,"column":21},"end":{"line":19,"column":3}},"2":{"start":{"line":18,"column":4},"end":{"line":18,"column":29}},"3":{"start":{"line":20,"column":2},"end":{"line":33,"column":4}}},"fnMap":{"0":{"name":"App","decl":{"start":{"line":15,"column":9},"end":{"line":15,"column":12}},"loc":{"start":{"line":15,"column":15},"end":{"line":34,"column":1}},"line":15},"1":{"name":"(anonymous_1)","decl":{"start":{"line":17,"column":21},"end":{"line":17,"column":22}},"loc":{"start":{"line":17,"column":35},"end":{"line":19,"column":3}},"line":17}},"branchMap":{},"s":{"0":1,"1":1,"2":0,"3":1},"f":{"0":1,"1":0},"b":{},"_coverageSchema":"43e27e138ebf9cfc5966b082cf9a028302ed4184","hash":"13d4fef76a570c8629f2bd232ee73871bcb23cf4"}
,"/Users/nadellanikhila/Desktop/Trip_Easy 2/src/Search.jsx": {"path":"/Users/nadellanikhila/Desktop/Trip_Easy 2/src/Search.jsx","statementMap":{"0":{"start":{"line":10,"column":37},"end":{"line":10,"column":49}},"1":{"start":{"line":11,"column":4},"end":{"line":16,"column":22}},"2":{"start":{"line":13,"column":26},"end":{"line":13,"column":60}},"3":{"start":{"line":14,"column":12},"end":{"line":14,"column":78}}},"fnMap":{"0":{"name":"Search","decl":{"start":{"line":9,"column":9},"end":{"line":9,"column":15}},"loc":{"start":{"line":9,"column":17},"end":{"line":17,"column":1}},"line":9},"1":{"name":"(anonymous_1)","decl":{"start":{"line":13,"column":16},"end":{"line":13,"column":17}},"loc":{"start":{"line":13,"column":25},"end":{"line":15,"column":5}},"line":13}},"branchMap":{},"s":{"0":0,"1":0,"2":0,"3":0},"f":{"0":0,"1":0},"b":{},"hash":"011035f9aedaed342b7f63683b1c6249d376b5f0"}
,"/Users/nadellanikhila/Desktop/Trip_Easy 2/src/SearchApp.jsx": {"path":"/Users/nadellanikhila/Desktop/Trip_Easy 2/src/SearchApp.jsx","statementMap":{"0":{"start":{"line":15,"column":18},"end":{"line":20,"column":1}},"1":{"start":{"line":16,"column":4},"end":{"line":19,"column":5}}},"fnMap":{"0":{"name":"(anonymous_0)","decl":{"start":{"line":15,"column":18},"end":{"line":15,"column":19}},"loc":{"start":{"line":15,"column":24},"end":{"line":20,"column":1}},"line":15}},"branchMap":{},"s":{"0":0,"1":0},"f":{"0":0},"b":{},"hash":"574936ca1e5d4ebc54d80a40c102bfdbb2b22224"}
,"/Users/nadellanikhila/Desktop/Trip_Easy 2/src/Components/Login.jsx": {"path":"/Users/nadellanikhila/Desktop/Trip_Easy 2/src/Components/Login.jsx","statementMap":{"0":{"start":{"line":8,"column":14},"end":{"line":59,"column":1}},"1":{"start":{"line":9,"column":28},"end":{"line":9,"column":40}},"2":{"start":{"line":10,"column":34},"end":{"line":10,"column":46}},"3":{"start":{"line":11,"column":38},"end":{"line":11,"column":48}},"4":{"start":{"line":13,"column":23},"end":{"line":17,"column":3}},"5":{"start":{"line":14,"column":4},"end":{"line":14,"column":23}},"6":{"start":{"line":15,"column":4},"end":{"line":15,"column":33}},"7":{"start":{"line":16,"column":4},"end":{"line":16,"column":33}},"8":{"start":{"line":19,"column":2},"end":{"line":58,"column":4}},"9":{"start":{"line":27,"column":29},"end":{"line":27,"column":53}},"10":{"start":{"line":34,"column":29},"end":{"line":34,"column":56}},"11":{"start":{"line":46,"column":12},"end":{"line":51,"column":13}}},"fnMap":{"0":{"name":"(anonymous_0)","decl":{"start":{"line":8,"column":14},"end":{"line":8,"column":15}},"loc":{"start":{"line":8,"column":25},"end":{"line":59,"column":1}},"line":8},"1":{"name":"(anonymous_1)","decl":{"start":{"line":13,"column":23},"end":{"line":13,"column":24}},"loc":{"start":{"line":13,"column":36},"end":{"line":17,"column":3}},"line":13},"2":{"name":"(anonymous_2)","decl":{"start":{"line":27,"column":22},"end":{"line":27,"column":23}},"loc":{"start":{"line":27,"column":29},"end":{"line":27,"column":53}},"line":27},"3":{"name":"(anonymous_3)","decl":{"start":{"line":34,"column":22},"end":{"line":34,"column":23}},"loc":{"start":{"line":34,"column":29},"end":{"line":34,"column":56}},"line":34},"4":{"name":"(anonymous_4)","decl":{"start":{"line":45,"column":19},"end":{"line":45,"column":20}},"loc":{"start":{"line":46,"column":12},"end":{"line":51,"column":13}},"line":46}},"branchMap":{"0":{"loc":{"start":{"line":40,"column":11},"end":{"line":40,"column":56}},"type":"binary-expr","locations":[{"start":{"line":40,"column":11},"end":{"line":40,"column":16}},{"start":{"line":40,"column":20},"end":{"line":40,"column":56}}],"line":40}},"s":{"0":3,"1":3,"2":3,"3":3,"4":3,"5":0,"6":0,"7":0,"8":3,"9":1,"10":1,"11":0},"f":{"0":3,"1":0,"2":1,"3":1,"4":0},"b":{"0":[3,0]},"_coverageSchema":"43e27e138ebf9cfc5966b082cf9a028302ed4184","hash":"992739c345055cd17a9db5f4655a8a3c72677d64"}
,"/Users/nadellanikhila/Desktop/Trip_Easy 2/src/Components/Register.jsx": {"path":"/Users/nadellanikhila/Desktop/Trip_Easy 2/src/Components/Register.jsx","statementMap":{"0":{"start":{"line":8,"column":17},"end":{"line":58,"column":1}},"1":{"start":{"line":9,"column":28},"end":{"line":9,"column":40}},"2":{"start":{"line":10,"column":34},"end":{"line":10,"column":46}},"3":{"start":{"line":11,"column":41},"end":{"line":11,"column":52}},"4":{"start":{"line":13,"column":23},"end":{"line":17,"column":3}},"5":{"start":{"line":14,"column":4},"end":{"line":14,"column":23}},"6":{"start":{"line":15,"column":4},"end":{"line":15,"column":33}},"7":{"start":{"line":16,"column":4},"end":{"line":16,"column":36}},"8":{"start":{"line":19,"column":2},"end":{"line":57,"column":4}},"9":{"start":{"line":27,"column":29},"end":{"line":27,"column":53}},"10":{"start":{"line":34,"column":29},"end":{"line":34,"column":56}},"11":{"start":{"line":45,"column":12},"end":{"line":50,"column":13}}},"fnMap":{"0":{"name":"(anonymous_0)","decl":{"start":{"line":8,"column":17},"end":{"line":8,"column":18}},"loc":{"start":{"line":8,"column":28},"end":{"line":58,"column":1}},"line":8},"1":{"name":"(anonymous_1)","decl":{"start":{"line":13,"column":23},"end":{"line":13,"column":24}},"loc":{"start":{"line":13,"column":36},"end":{"line":17,"column":3}},"line":13},"2":{"name":"(anonymous_2)","decl":{"start":{"line":27,"column":22},"end":{"line":27,"column":23}},"loc":{"start":{"line":27,"column":29},"end":{"line":27,"column":53}},"line":27},"3":{"name":"(anonymous_3)","decl":{"start":{"line":34,"column":22},"end":{"line":34,"column":23}},"loc":{"start":{"line":34,"column":29},"end":{"line":34,"column":56}},"line":34},"4":{"name":"(anonymous_4)","decl":{"start":{"line":44,"column":19},"end":{"line":44,"column":20}},"loc":{"start":{"line":45,"column":12},"end":{"line":50,"column":13}},"line":45}},"branchMap":{"0":{"loc":{"start":{"line":40,"column":11},"end":{"line":40,"column":56}},"type":"binary-expr","locations":[{"start":{"line":40,"column":11},"end":{"line":40,"column":16}},{"start":{"line":40,"column":20},"end":{"line":40,"column":56}}],"line":40}},"s":{"0":3,"1":3,"2":3,"3":3,"4":3,"5":0,"6":0,"7":0,"8":3,"9":1,"10":1,"11":0},"f":{"0":3,"1":0,"2":1,"3":1,"4":0},"b":{"0":[3,0]},"_coverageSchema":"43e27e138ebf9cfc5966b082cf9a028302ed4184","hash":"e5133284aad0b2333daf87e93326cfb13b0c3fa5"}
}
