TN:
SF:/Users/nadellanikhila/Desktop/Trip_Easy 2/src/App.jsx
FN:15,App
FN:17,(anonymous_1)
FNF:2
FNH:1
FNDA:1,App
FNDA:0,(anonymous_1)
DA:16,1
DA:17,1
DA:18,0
DA:20,1
LF:4
LH:3
BRF:0
BRH:0
end_of_record
TN:
SF:/Users/nadellanikhila/Desktop/Trip_Easy 2/src/Search.jsx
FN:9,Search
FN:13,(anonymous_1)
FNF:2
FNH:0
FNDA:0,Search
FNDA:0,(anonymous_1)
DA:10,0
DA:11,0
DA:13,0
DA:14,0
LF:4
LH:0
BRF:0
BRH:0
end_of_record
TN:
SF:/Users/nadellanikhila/Desktop/Trip_Easy 2/src/SearchApp.jsx
FN:15,(anonymous_0)
FNF:1
FNH:0
FNDA:0,(anonymous_0)
DA:15,0
DA:16,0
LF:2
LH:0
BRF:0
BRH:0
end_of_record
TN:
SF:/Users/nadellanikhila/Desktop/Trip_Easy 2/src/Components/Login.jsx
FN:8,(anonymous_0)
FN:13,(anonymous_1)
FN:27,(anonymous_2)
FN:34,(anonymous_3)
FN:45,(anonymous_4)
FNF:5
FNH:3
FNDA:3,(anonymous_0)
FNDA:0,(anonymous_1)
FNDA:1,(anonymous_2)
FNDA:1,(anonymous_3)
FNDA:0,(anonymous_4)
DA:8,3
DA:9,3
DA:10,3
DA:11,3
DA:13,3
DA:14,0
DA:15,0
DA:16,0
DA:19,3
DA:27,1
DA:34,1
DA:46,0
LF:12
LH:8
BRDA:40,0,0,3
BRDA:40,0,1,0
BRF:2
BRH:1
end_of_record
TN:
SF:/Users/nadellanikhila/Desktop/Trip_Easy 2/src/Components/Register.jsx
FN:8,(anonymous_0)
FN:13,(anonymous_1)
FN:27,(anonymous_2)
FN:34,(anonymous_3)
FN:44,(anonymous_4)
FNF:5
FNH:3
FNDA:3,(anonymous_0)
FNDA:0,(anonymous_1)
FNDA:1,(anonymous_2)
FNDA:1,(anonymous_3)
FNDA:0,(anonymous_4)
DA:8,3
DA:9,3
DA:10,3
DA:11,3
DA:13,3
DA:14,0
DA:15,0
DA:16,0
DA:19,3
DA:27,1
DA:34,1
DA:45,0
LF:12
LH:8
BRDA:40,0,0,3
BRDA:40,0,1,0
BRF:2
BRH:1
end_of_record
